  Background.cpp
  Ball.cpp
E:\GitKraken\FourPlayer\FourPlayer\Player.h(21,16): warning C4244: "=": Konvertierung von "int" in "float", möglicher Datenverlust
E:\GitKraken\FourPlayer\FourPlayer\Player.h(24,16): warning C4244: "=": Konvertierung von "int" in "float", möglicher Datenverlust
E:\GitKraken\FourPlayer\FourPlayer\Player.h(38,9): warning C4244: "return": Konvertierung von "float" in "const int", möglicher Datenverlust
E:\GitKraken\FourPlayer\FourPlayer\Player.h(41,9): warning C4244: "return": Konvertierung von "float" in "const int", möglicher Datenverlust
E:\GitKraken\FourPlayer\FourPlayer\Ball.h(24,14): warning C4244: "=": Konvertierung von "int" in "float", möglicher Datenverlust
E:\GitKraken\FourPlayer\FourPlayer\Ball.h(27,14): warning C4244: "=": Konvertierung von "int" in "float", möglicher Datenverlust
E:\GitKraken\FourPlayer\FourPlayer\Ball.h(30,16): warning C4244: "=": Konvertierung von "int" in "float", möglicher Datenverlust
E:\GitKraken\FourPlayer\FourPlayer\Ball.h(33,16): warning C4244: "=": Konvertierung von "int" in "float", möglicher Datenverlust
E:\GitKraken\FourPlayer\FourPlayer\Ball.h(53,9): warning C4244: "return": Konvertierung von "float" in "const int", möglicher Datenverlust
E:\GitKraken\FourPlayer\FourPlayer\Ball.h(56,9): warning C4244: "return": Konvertierung von "float" in "const int", möglicher Datenverlust
E:\GitKraken\FourPlayer\FourPlayer\Ball.cpp(17,14): warning C4244: "=": Konvertierung von "float" in "int", möglicher Datenverlust
E:\GitKraken\FourPlayer\FourPlayer\Ball.cpp(18,14): warning C4244: "=": Konvertierung von "float" in "int", möglicher Datenverlust
E:\GitKraken\FourPlayer\FourPlayer\Ball.cpp(40,27): warning C4244: "=": Konvertierung von "double" in "float", möglicher Datenverlust
  FourPlayer.cpp
E:\GitKraken\FourPlayer\FourPlayer\Player.h(21,16): warning C4244: "=": Konvertierung von "int" in "float", möglicher Datenverlust
E:\GitKraken\FourPlayer\FourPlayer\Player.h(24,16): warning C4244: "=": Konvertierung von "int" in "float", möglicher Datenverlust
E:\GitKraken\FourPlayer\FourPlayer\Player.h(38,9): warning C4244: "return": Konvertierung von "float" in "const int", möglicher Datenverlust
E:\GitKraken\FourPlayer\FourPlayer\Player.h(41,9): warning C4244: "return": Konvertierung von "float" in "const int", möglicher Datenverlust
E:\GitKraken\FourPlayer\FourPlayer\Ball.h(24,14): warning C4244: "=": Konvertierung von "int" in "float", möglicher Datenverlust
E:\GitKraken\FourPlayer\FourPlayer\Ball.h(27,14): warning C4244: "=": Konvertierung von "int" in "float", möglicher Datenverlust
E:\GitKraken\FourPlayer\FourPlayer\Ball.h(30,16): warning C4244: "=": Konvertierung von "int" in "float", möglicher Datenverlust
E:\GitKraken\FourPlayer\FourPlayer\Ball.h(33,16): warning C4244: "=": Konvertierung von "int" in "float", möglicher Datenverlust
E:\GitKraken\FourPlayer\FourPlayer\Ball.h(53,9): warning C4244: "return": Konvertierung von "float" in "const int", möglicher Datenverlust
E:\GitKraken\FourPlayer\FourPlayer\Ball.h(56,9): warning C4244: "return": Konvertierung von "float" in "const int", möglicher Datenverlust
  Menu.cpp
  NPC.cpp
E:\GitKraken\FourPlayer\FourPlayer\Player.h(21,16): warning C4244: "=": Konvertierung von "int" in "float", möglicher Datenverlust
E:\GitKraken\FourPlayer\FourPlayer\Player.h(24,16): warning C4244: "=": Konvertierung von "int" in "float", möglicher Datenverlust
E:\GitKraken\FourPlayer\FourPlayer\Player.h(38,9): warning C4244: "return": Konvertierung von "float" in "const int", möglicher Datenverlust
E:\GitKraken\FourPlayer\FourPlayer\Player.h(41,9): warning C4244: "return": Konvertierung von "float" in "const int", möglicher Datenverlust
E:\GitKraken\FourPlayer\FourPlayer\Ball.h(24,14): warning C4244: "=": Konvertierung von "int" in "float", möglicher Datenverlust
E:\GitKraken\FourPlayer\FourPlayer\Ball.h(27,14): warning C4244: "=": Konvertierung von "int" in "float", möglicher Datenverlust
E:\GitKraken\FourPlayer\FourPlayer\Ball.h(30,16): warning C4244: "=": Konvertierung von "int" in "float", möglicher Datenverlust
E:\GitKraken\FourPlayer\FourPlayer\Ball.h(33,16): warning C4244: "=": Konvertierung von "int" in "float", möglicher Datenverlust
E:\GitKraken\FourPlayer\FourPlayer\Ball.h(53,9): warning C4244: "return": Konvertierung von "float" in "const int", möglicher Datenverlust
E:\GitKraken\FourPlayer\FourPlayer\Ball.h(56,9): warning C4244: "return": Konvertierung von "float" in "const int", möglicher Datenverlust
E:\GitKraken\FourPlayer\FourPlayer\NPC.cpp(25,13): warning C4244: "=": Konvertierung von "float" in "int", möglicher Datenverlust
E:\GitKraken\FourPlayer\FourPlayer\NPC.cpp(26,13): warning C4244: "=": Konvertierung von "float" in "int", möglicher Datenverlust
  Player.cpp
E:\GitKraken\FourPlayer\FourPlayer\Player.h(21,16): warning C4244: "=": Konvertierung von "int" in "float", möglicher Datenverlust
E:\GitKraken\FourPlayer\FourPlayer\Player.h(24,16): warning C4244: "=": Konvertierung von "int" in "float", möglicher Datenverlust
E:\GitKraken\FourPlayer\FourPlayer\Player.h(38,9): warning C4244: "return": Konvertierung von "float" in "const int", möglicher Datenverlust
E:\GitKraken\FourPlayer\FourPlayer\Player.h(41,9): warning C4244: "return": Konvertierung von "float" in "const int", möglicher Datenverlust
E:\GitKraken\FourPlayer\FourPlayer\Player.cpp(18,16): warning C4244: "=": Konvertierung von "float" in "int", möglicher Datenverlust
E:\GitKraken\FourPlayer\FourPlayer\Player.cpp(19,16): warning C4244: "=": Konvertierung von "float" in "int", möglicher Datenverlust
  RectangleDrawer.cpp
  Code wird generiert...
Background.obj : error LNK2019: Verweis auf nicht aufgelöstes externes Symbol "_SDL_FreeSurface" in Funktion ""public: void __thiscall Background::InitBackground(struct SDL_Renderer &)" (?InitBackground@Background@@QAEXAAUSDL_Renderer@@@Z)".
Background.obj : error LNK2019: Verweis auf nicht aufgelöstes externes Symbol "_SDL_CreateTextureFromSurface" in Funktion ""public: void __thiscall Background::InitBackground(struct SDL_Renderer &)" (?InitBackground@Background@@QAEXAAUSDL_Renderer@@@Z)".
Background.obj : error LNK2019: Verweis auf nicht aufgelöstes externes Symbol "_SDL_RenderClear" in Funktion ""public: void __thiscall Background::BackgroundRender(struct SDL_Renderer &)" (?BackgroundRender@Background@@QAEXAAUSDL_Renderer@@@Z)".
FourPlayer.obj : error LNK2001: Nicht aufgelöstes externes Symbol "_SDL_RenderClear".
Background.obj : error LNK2019: Verweis auf nicht aufgelöstes externes Symbol "_SDL_RenderCopy" in Funktion ""public: void __thiscall Background::BackgroundRender(struct SDL_Renderer &)" (?BackgroundRender@Background@@QAEXAAUSDL_Renderer@@@Z)".
Background.obj : error LNK2019: Verweis auf nicht aufgelöstes externes Symbol "_IMG_Load" in Funktion ""public: void __thiscall Background::InitBackground(struct SDL_Renderer &)" (?InitBackground@Background@@QAEXAAUSDL_Renderer@@@Z)".
Ball.obj : error LNK2019: Verweis auf nicht aufgelöstes externes Symbol "_SDL_SetRenderDrawColor" in Funktion ""public: void __thiscall Ball::Render(struct SDL_Renderer &)" (?Render@Ball@@QAEXAAUSDL_Renderer@@@Z)".
NPC.obj : error LNK2001: Nicht aufgelöstes externes Symbol "_SDL_SetRenderDrawColor".
Player.obj : error LNK2001: Nicht aufgelöstes externes Symbol "_SDL_SetRenderDrawColor".
RectangleDrawer.obj : error LNK2001: Nicht aufgelöstes externes Symbol "_SDL_SetRenderDrawColor".
Ball.obj : error LNK2019: Verweis auf nicht aufgelöstes externes Symbol "_SDL_RenderFillRect" in Funktion ""public: void __thiscall Ball::Render(struct SDL_Renderer &)" (?Render@Ball@@QAEXAAUSDL_Renderer@@@Z)".
NPC.obj : error LNK2001: Nicht aufgelöstes externes Symbol "_SDL_RenderFillRect".
Player.obj : error LNK2001: Nicht aufgelöstes externes Symbol "_SDL_RenderFillRect".
RectangleDrawer.obj : error LNK2001: Nicht aufgelöstes externes Symbol "_SDL_RenderFillRect".
FourPlayer.obj : error LNK2019: Verweis auf nicht aufgelöstes externes Symbol "_SDL_DestroyWindow" in Funktion "_SDL_main".
FourPlayer.obj : error LNK2019: Verweis auf nicht aufgelöstes externes Symbol "_SDL_PollEvent" in Funktion "_SDL_main".
FourPlayer.obj : error LNK2019: Verweis auf nicht aufgelöstes externes Symbol "_SDL_CreateWindowAndRenderer" in Funktion "_SDL_main".
FourPlayer.obj : error LNK2019: Verweis auf nicht aufgelöstes externes Symbol "_SDL_RenderPresent" in Funktion "_SDL_main".
FourPlayer.obj : error LNK2019: Verweis auf nicht aufgelöstes externes Symbol "_SDL_DestroyRenderer" in Funktion "_SDL_main".
FourPlayer.obj : error LNK2019: Verweis auf nicht aufgelöstes externes Symbol "_SDL_GetTicks" in Funktion "_SDL_main".
FourPlayer.obj : error LNK2019: Verweis auf nicht aufgelöstes externes Symbol "_SDL_Delay" in Funktion "_SDL_main".
FourPlayer.obj : error LNK2019: Verweis auf nicht aufgelöstes externes Symbol "_SDL_Init" in Funktion "_SDL_main".
FourPlayer.obj : error LNK2019: Verweis auf nicht aufgelöstes externes Symbol "_SDL_Quit" in Funktion "_SDL_main".
Player.obj : error LNK2019: Verweis auf nicht aufgelöstes externes Symbol "_SDL_GetKeyboardState" in Funktion ""public: void __thiscall Player::MovementInput(void)" (?MovementInput@Player@@QAEXXZ)".
MSVCRTD.lib(exe_main.obj) : error LNK2019: Verweis auf nicht aufgelöstes externes Symbol "_main" in Funktion ""int __cdecl invoke_main(void)" (?invoke_main@@YAHXZ)".
E:\GitKraken\FourPlayer\SDL2-2.0.10\lib\x64\SDL2.lib : warning LNK4272: Bibliothekcomputertyp "x64" steht in Konflikt mit dem Zielcomputertyp "x86"
E:\GitKraken\FourPlayer\SDL2-2.0.10\lib\x64\SDL2main.lib : warning LNK4272: Bibliothekcomputertyp "x64" steht in Konflikt mit dem Zielcomputertyp "x86"
E:\GitKraken\FourPlayer\FourPlayer\Debug\FourPlayer.exe : fatal error LNK1120: 18 nicht aufgelöste Externe
