  Background.cpp
  Ball.cpp
E:\GitKraken\FourPlayer\FourPlayer\Player.h(23,16): warning C4244: "=": Konvertierung von "int" in "float", möglicher Datenverlust
E:\GitKraken\FourPlayer\FourPlayer\Player.h(26,16): warning C4244: "=": Konvertierung von "int" in "float", möglicher Datenverlust
E:\GitKraken\FourPlayer\FourPlayer\Ball.h(27,14): warning C4244: "=": Konvertierung von "int" in "float", möglicher Datenverlust
E:\GitKraken\FourPlayer\FourPlayer\Ball.h(30,14): warning C4244: "=": Konvertierung von "int" in "float", möglicher Datenverlust
E:\GitKraken\FourPlayer\FourPlayer\Ball.h(33,16): warning C4244: "=": Konvertierung von "int" in "float", möglicher Datenverlust
E:\GitKraken\FourPlayer\FourPlayer\Ball.h(36,16): warning C4244: "=": Konvertierung von "int" in "float", möglicher Datenverlust
E:\GitKraken\FourPlayer\FourPlayer\Ball.h(62,9): warning C4244: "return": Konvertierung von "float" in "const int", möglicher Datenverlust
E:\GitKraken\FourPlayer\FourPlayer\Ball.h(65,9): warning C4244: "return": Konvertierung von "float" in "const int", möglicher Datenverlust
E:\GitKraken\FourPlayer\FourPlayer\Ball.cpp(17,14): warning C4244: "=": Konvertierung von "float" in "int", möglicher Datenverlust
E:\GitKraken\FourPlayer\FourPlayer\Ball.cpp(18,14): warning C4244: "=": Konvertierung von "float" in "int", möglicher Datenverlust
E:\GitKraken\FourPlayer\FourPlayer\Ball.cpp(45,28): warning C4244: "=": Konvertierung von "double" in "float", möglicher Datenverlust
E:\GitKraken\FourPlayer\FourPlayer\Ball.cpp(74,29): warning C4244: "=": Konvertierung von "double" in "float", möglicher Datenverlust
E:\GitKraken\FourPlayer\FourPlayer\Ball.cpp(93,29): warning C4244: "=": Konvertierung von "double" in "float", möglicher Datenverlust
E:\GitKraken\FourPlayer\FourPlayer\Ball.cpp(111,29): warning C4244: "=": Konvertierung von "double" in "float", möglicher Datenverlust
E:\GitKraken\FourPlayer\FourPlayer\Ball.cpp(130,29): warning C4244: "=": Konvertierung von "double" in "float", möglicher Datenverlust
  FourPlayer.cpp
E:\GitKraken\FourPlayer\FourPlayer\Player.h(23,16): warning C4244: "=": Konvertierung von "int" in "float", möglicher Datenverlust
E:\GitKraken\FourPlayer\FourPlayer\Player.h(26,16): warning C4244: "=": Konvertierung von "int" in "float", möglicher Datenverlust
E:\GitKraken\FourPlayer\FourPlayer\Ball.h(27,14): warning C4244: "=": Konvertierung von "int" in "float", möglicher Datenverlust
E:\GitKraken\FourPlayer\FourPlayer\Ball.h(30,14): warning C4244: "=": Konvertierung von "int" in "float", möglicher Datenverlust
E:\GitKraken\FourPlayer\FourPlayer\Ball.h(33,16): warning C4244: "=": Konvertierung von "int" in "float", möglicher Datenverlust
E:\GitKraken\FourPlayer\FourPlayer\Ball.h(36,16): warning C4244: "=": Konvertierung von "int" in "float", möglicher Datenverlust
E:\GitKraken\FourPlayer\FourPlayer\Ball.h(62,9): warning C4244: "return": Konvertierung von "float" in "const int", möglicher Datenverlust
E:\GitKraken\FourPlayer\FourPlayer\Ball.h(65,9): warning C4244: "return": Konvertierung von "float" in "const int", möglicher Datenverlust
  GameManager.cpp
  Menu.cpp
  NPC.cpp
E:\GitKraken\FourPlayer\FourPlayer\Player.h(23,16): warning C4244: "=": Konvertierung von "int" in "float", möglicher Datenverlust
E:\GitKraken\FourPlayer\FourPlayer\Player.h(26,16): warning C4244: "=": Konvertierung von "int" in "float", möglicher Datenverlust
E:\GitKraken\FourPlayer\FourPlayer\Ball.h(27,14): warning C4244: "=": Konvertierung von "int" in "float", möglicher Datenverlust
E:\GitKraken\FourPlayer\FourPlayer\Ball.h(30,14): warning C4244: "=": Konvertierung von "int" in "float", möglicher Datenverlust
E:\GitKraken\FourPlayer\FourPlayer\Ball.h(33,16): warning C4244: "=": Konvertierung von "int" in "float", möglicher Datenverlust
E:\GitKraken\FourPlayer\FourPlayer\Ball.h(36,16): warning C4244: "=": Konvertierung von "int" in "float", möglicher Datenverlust
E:\GitKraken\FourPlayer\FourPlayer\Ball.h(62,9): warning C4244: "return": Konvertierung von "float" in "const int", möglicher Datenverlust
E:\GitKraken\FourPlayer\FourPlayer\Ball.h(65,9): warning C4244: "return": Konvertierung von "float" in "const int", möglicher Datenverlust
E:\GitKraken\FourPlayer\FourPlayer\NPC.cpp(32,13): warning C4244: "=": Konvertierung von "float" in "int", möglicher Datenverlust
E:\GitKraken\FourPlayer\FourPlayer\NPC.cpp(33,13): warning C4244: "=": Konvertierung von "float" in "int", möglicher Datenverlust
  Player.cpp
E:\GitKraken\FourPlayer\FourPlayer\Player.h(23,16): warning C4244: "=": Konvertierung von "int" in "float", möglicher Datenverlust
E:\GitKraken\FourPlayer\FourPlayer\Player.h(26,16): warning C4244: "=": Konvertierung von "int" in "float", möglicher Datenverlust
E:\GitKraken\FourPlayer\FourPlayer\Player.cpp(28,16): warning C4244: "=": Konvertierung von "float" in "int", möglicher Datenverlust
E:\GitKraken\FourPlayer\FourPlayer\Player.cpp(29,16): warning C4244: "=": Konvertierung von "float" in "int", möglicher Datenverlust
  PointCounter.cpp
  RectangleDrawer.cpp
  Code wird generiert...
  FourPlayer.vcxproj -> E:\GitKraken\FourPlayer\FourPlayer\x64\Debug\FourPlayer.exe
